[2017-11-01 14:39:04] my_logger.INFO: Something interesting happened [] []
[2017-11-01 14:41:51] my_logger.INFO: REQUEST_URI [] []
[2017-11-01 14:42:20] my_logger.INFO: / [] []
[2017-11-01 14:53:54] my_logger.INFO: quelque chose à notifier [] []
[2017-11-01 14:53:55] my_logger.INFO: quelque chose à notifier [] []
[2017-11-01 18:39:21] my_logger.INFO: quelque chose à notifier [] []
[2017-11-01 18:39:41] my_logger.INFO: Ticket list [] []
[2017-11-01 18:40:18] my_logger.INFO: Ticket list [] []
[2017-11-01 18:42:36] my_logger.INFO: Ticket list [] []
[2017-11-01 19:55:53] my_logger.INFO: Ticket list [] []
[2017-11-01 19:56:05] my_logger.INFO: Ticket list [] []
[2017-11-01 19:56:18] my_logger.INFO: Ticket list [] []
[2017-11-01 19:56:26] my_logger.INFO: Ticket list [] []
[2017-11-01 19:57:14] my_logger.INFO: Ticket list [] []
[2017-11-01 19:57:26] my_logger.INFO: Ticket list [] []
[2017-11-01 20:33:57] my_logger.INFO: Ticket list [] []
[2017-11-01 20:34:24] my_logger.INFO: Ticket list [] []
[2017-11-01 20:35:06] my_logger.INFO: Ticket list [] []
[2017-11-01 20:36:50] my_logger.INFO: Ticket list [] []
[2017-11-01 20:38:20] my_logger.INFO: Ticket list [] []
[2017-11-01 20:39:44] my_logger.INFO: Ticket list [] []
[2017-11-01 20:40:26] my_logger.INFO: Ticket list [] []
[2017-11-01 20:41:13] my_logger.INFO: Ticket list [] []
[2017-11-01 20:43:04] my_logger.INFO: Ticket list [] []
[2017-11-01 20:45:47] my_logger.INFO: Ticket list [] []
[2017-11-01 20:46:17] my_logger.INFO: Ticket list [] []
[2017-11-01 20:50:17] my_logger.INFO: Ticket list [] []
